c:\users\etudiant\documents\visual studio 2013\projects\qtguiapplication7\qtguiapplication7\debug\ipcuser.obj
c:\users\etudiant\documents\visual studio 2013\projects\qtguiapplication7\qtguiapplication7\debug\qrc_qtguiapplication7.obj
c:\users\etudiant\documents\visual studio 2013\projects\qtguiapplication7\qtguiapplication7\debug\something.obj
c:\users\etudiant\documents\visual studio 2013\projects\qtguiapplication7\qtguiapplication7\debug\qtguiapplication7.obj
c:\users\etudiant\documents\visual studio 2013\projects\qtguiapplication7\qtguiapplication7\debug\moc_qtguiapplication7.obj
c:\users\etudiant\documents\visual studio 2013\projects\qtguiapplication7\qtguiapplication7\debug\main.obj
c:\users\etudiant\documents\visual studio 2013\projects\qtguiapplication7\qtguiapplication7\debug\vc120.pdb
c:\users\etudiant\documents\visual studio 2013\projects\qtguiapplication7\win32\debug\qtguiapplication7.ilk
c:\users\etudiant\documents\visual studio 2013\projects\qtguiapplication7\win32\debug\qtguiapplication7.exe
c:\users\etudiant\documents\visual studio 2013\projects\qtguiapplication7\win32\debug\qtguiapplication7.pdb
c:\users\etudiant\documents\visual studio 2013\projects\qtguiapplication7\qtguiapplication7\generatedfiles\debug\moc_qtguiapplication7.cpp
c:\users\etudiant\documents\visual studio 2013\projects\qtguiapplication7\qtguiapplication7\generatedfiles\qrc_qtguiapplication7.cpp
c:\users\etudiant\documents\visual studio 2013\projects\qtguiapplication7\qtguiapplication7\generatedfiles\ui_qtguiapplication7.h
c:\users\etudiant\documents\visual studio 2013\projects\qtguiapplication7\qtguiapplication7\debug\qtguiapp.b12702ad.tlog\cl.command.1.tlog
c:\users\etudiant\documents\visual studio 2013\projects\qtguiapplication7\qtguiapplication7\debug\qtguiapp.b12702ad.tlog\cl.read.1.tlog
c:\users\etudiant\documents\visual studio 2013\projects\qtguiapplication7\qtguiapplication7\debug\qtguiapp.b12702ad.tlog\cl.write.1.tlog
c:\users\etudiant\documents\visual studio 2013\projects\qtguiapplication7\qtguiapplication7\debug\qtguiapp.b12702ad.tlog\link.command.1.tlog
c:\users\etudiant\documents\visual studio 2013\projects\qtguiapplication7\qtguiapplication7\debug\qtguiapp.b12702ad.tlog\link.read.1.tlog
c:\users\etudiant\documents\visual studio 2013\projects\qtguiapplication7\qtguiapplication7\debug\qtguiapp.b12702ad.tlog\link.write.1.tlog
c:\users\etudiant\documents\visual studio 2013\projects\qtguiapplication7\qtguiapplication7\debug\qtguiapp.b12702ad.tlog\qtguiapplication7.write.1u.tlog
